<?xml version="1.0" encoding="UTF-8"?>
<testng-results ignored="0" total="1" passed="1" failed="0" skipped="0">
  <reporter-output>
  </reporter-output>
  <suite started-at="2024-02-18T19:47:50 IST" name="Default suite" finished-at="2024-02-18T19:47:57 IST" duration-ms="7336">
    <groups>
    </groups>
    <test started-at="2024-02-18T19:47:50 IST" name="Default test" finished-at="2024-02-18T19:47:57 IST" duration-ms="7336">
      <class name="ui.testClass">
        <test-method is-config="true" signature="launchBrowser()[pri:0, instance:ui.testClass@368247b9]" started-at="2024-02-18T19:47:46 IST" name="launchBrowser" finished-at="2024-02-18T19:47:50 IST" duration-ms="3496" status="PASS">
          <reporter-output>
          </reporter-output>
        </test-method> <!-- launchBrowser -->
        <test-method signature="FileUpload()[pri:0, instance:ui.testClass@368247b9]" started-at="2024-02-18T19:47:50 IST" name="FileUpload" finished-at="2024-02-18T19:47:57 IST" duration-ms="7232" status="PASS">
          <reporter-output>
          </reporter-output>
        </test-method> <!-- FileUpload -->
        <test-method is-config="true" signature="closeBrowser()[pri:0, instance:ui.testClass@368247b9]" started-at="2024-02-18T19:47:57 IST" name="closeBrowser" finished-at="2024-02-18T19:47:58 IST" duration-ms="281" status="PASS">
          <reporter-output>
          </reporter-output>
        </test-method> <!-- closeBrowser -->
      </class> <!-- ui.testClass -->
    </test> <!-- Default test -->
  </suite> <!-- Default suite -->
</testng-results>
